#
# There is insufficient memory for the Java Runtime Environment to continue.
# Native memory allocation (mmap) failed to map 555745280 bytes for G1 virtual space
# Possible reasons:
#   The system is out of physical RAM or swap space
#   The process is running with CompressedOops enabled, and the Java Heap may be blocking the growth of the native heap
# Possible solutions:
#   Reduce memory load on the system
#   Increase physical memory or swap space
#   Check if swap backing store is full
#   Decrease Java heap size (-Xmx/-Xms)
#   Decrease number of Java threads
#   Decrease Java thread stack sizes (-Xss)
#   Set larger code cache with -XX:ReservedCodeCacheSize=
#   JVM is running with Zero Based Compressed Oops mode in which the Java heap is
#     placed in the first 32GB address space. The Java Heap base address is the
#     maximum limit for the native heap growth. Please use -XX:HeapBaseMinAddress
#     to set the Java Heap base and to place the Java Heap above 32GB virtual address.
# This output file may be truncated or incomplete.
#
#  Out of Memory Error (os_windows.cpp:3600), pid=9616, tid=776
#
# JRE version: Java(TM) SE Runtime Environment (21.0.2+13) (build 21.0.2+13-LTS-58)
# Java VM: Java HotSpot(TM) 64-Bit Server VM (21.0.2+13-LTS-58, mixed mode, emulated-client, sharing, tiered, compressed oops, compressed class ptrs, g1 gc, windows-amd64)
# No core dump will be written. Minidumps are not enabled by default on client versions of Windows
#

---------------  S U M M A R Y ------------

Command Line: -XX:TieredStopAtLevel=1 -Dspring.output.ansi.enabled=always -Dcom.sun.management.jmxremote -Dspring.jmx.enabled=true -Dspring.liveBeansView.mbeanDomain -Dspring.application.admin.enabled=true -Dmanagement.endpoints.jmx.exposure.include=* -javaagent:D:\Download\intellij\IntelliJ IDEA 2023.3.3\lib\idea_rt.jar=64047:D:\Download\intellij\IntelliJ IDEA 2023.3.3\bin -Dfile.encoding=UTF-8 -Dsun.stdout.encoding=UTF-8 -Dsun.stderr.encoding=UTF-8 com.advpro.profiling.tutorial.TutorialApplication

Host: Intel(R) Core(TM) i5-8250U CPU @ 1.60GHz, 8 cores, 11G,  Windows 11 , 64 bit Build 22621 (10.0.22621.3085)
Time: Wed Mar 13 18:20:10 2024 SE Asia Standard Time elapsed time: 2096.310867 seconds (0d 0h 34m 56s)

---------------  T H R E A D  ---------------

Current thread (0x000002090bafaf90):  VMThread "VM Thread"          [id=776, stack(0x000000c234300000,0x000000c234400000) (1024K)]

Stack: [0x000000c234300000,0x000000c234400000]
Native frames: (J=compiled Java code, j=interpreted, Vv=VM code, C=native code)
V  [jvm.dll+0x6cade9]
V  [jvm.dll+0x8569c1]
V  [jvm.dll+0x858d2e]
V  [jvm.dll+0x859413]
V  [jvm.dll+0x280e56]
V  [jvm.dll+0x6c74d5]
V  [jvm.dll+0x6bbeca]
V  [jvm.dll+0x355bca]
V  [jvm.dll+0x35d816]
V  [jvm.dll+0x3ae67e]
V  [jvm.dll+0x3ae928]
V  [jvm.dll+0x3295dc]
V  [jvm.dll+0x329667]
V  [jvm.dll+0x36df1c]
V  [jvm.dll+0x36c71d]
V  [jvm.dll+0x328d51]
V  [jvm.dll+0x36be2a]
V  [jvm.dll+0x85ef18]
V  [jvm.dll+0x860014]
V  [jvm.dll+0x860550]
V  [jvm.dll+0x8607f3]
V  [jvm.dll+0x7ff568]
V  [jvm.dll+0x6c953d]
C  [ucrtbase.dll+0x29363]
C  [KERNEL32.DLL+0x1257d]
C  [ntdll.dll+0x5aa58]

VM_Operation (0x000000c2367fceb0): G1CollectForAllocation, mode: safepoint, requested by thread 0x0000020952ca6080


---------------  P R O C E S S  ---------------

Threads class SMR info:
_java_thread_list=0x0000020952fd1cd0, length=29, elements={
0x000002090bb173f0, 0x000002090bb18310, 0x000002090bb19230, 0x000002090bb1ce10,
0x000002090bb1d870, 0x000002090bb1f2e0, 0x000002090bb1fd40, 0x000002090bae42a0,
0x00000209514a8dd0, 0x00000209514ac980, 0x00000209517cce70, 0x00000209529af480,
0x00000209529afaf0, 0x00000209529b0160, 0x0000020952b71450, 0x0000020951997790,
0x0000020952ca4640, 0x0000020952ca7430, 0x0000020952ca4cd0, 0x0000020952ca6da0,
0x0000020952ca5360, 0x0000020952ca59f0, 0x0000020952ca6080, 0x00000209534d5800,
0x00000209534d5170, 0x00000209534d6bb0, 0x00000209534d5e90, 0x00000209534d8c80,
0x00000209534d6520
}

Java Threads: ( => current thread )
  0x000002090bb173f0 JavaThread "Reference Handler"          daemon [_thread_blocked, id=24556, stack(0x000000c234400000,0x000000c234500000) (1024K)]
  0x000002090bb18310 JavaThread "Finalizer"                  daemon [_thread_blocked, id=7012, stack(0x000000c234500000,0x000000c234600000) (1024K)]
  0x000002090bb19230 JavaThread "Signal Dispatcher"          daemon [_thread_blocked, id=20880, stack(0x000000c234600000,0x000000c234700000) (1024K)]
  0x000002090bb1ce10 JavaThread "Attach Listener"            daemon [_thread_blocked, id=14976, stack(0x000000c234700000,0x000000c234800000) (1024K)]
  0x000002090bb1d870 JavaThread "Service Thread"             daemon [_thread_blocked, id=8540, stack(0x000000c234800000,0x000000c234900000) (1024K)]
  0x000002090bb1f2e0 JavaThread "Monitor Deflation Thread"   daemon [_thread_blocked, id=24616, stack(0x000000c234900000,0x000000c234a00000) (1024K)]
  0x000002090bb1fd40 JavaThread "C1 CompilerThread0"         daemon [_thread_blocked, id=7180, stack(0x000000c234a00000,0x000000c234b00000) (1024K)]
  0x000002090bae42a0 JavaThread "Common-Cleaner"             daemon [_thread_blocked, id=21200, stack(0x000000c234b00000,0x000000c234c00000) (1024K)]
  0x00000209514a8dd0 JavaThread "Monitor Ctrl-Break"         daemon [_thread_in_native, id=28348, stack(0x000000c234d00000,0x000000c234e00000) (1024K)]
  0x00000209514ac980 JavaThread "Notification Thread"        daemon [_thread_blocked, id=17488, stack(0x000000c234e00000,0x000000c234f00000) (1024K)]
  0x00000209517cce70 JavaThread "RMI TCP Accept-0"           daemon [_thread_in_native, id=23108, stack(0x000000c235100000,0x000000c235200000) (1024K)]
  0x00000209529af480 JavaThread "Catalina-utility-1"                [_thread_blocked, id=7160, stack(0x000000c235a00000,0x000000c235b00000) (1024K)]
  0x00000209529afaf0 JavaThread "Catalina-utility-2"                [_thread_blocked, id=23864, stack(0x000000c235b00000,0x000000c235c00000) (1024K)]
  0x00000209529b0160 JavaThread "container-0"                       [_thread_blocked, id=9112, stack(0x000000c235c00000,0x000000c235d00000) (1024K)]
  0x0000020952b71450 JavaThread "PostgreSQL-JDBC-Cleaner"    daemon [_thread_blocked, id=28724, stack(0x000000c235e00000,0x000000c235f00000) (1024K)]
  0x0000020951997790 JavaThread "HikariPool-1 housekeeper"   daemon [_thread_blocked, id=4388, stack(0x000000c235f00000,0x000000c236000000) (1024K)]
  0x0000020952ca4640 JavaThread "http-nio-8080-exec-1"       daemon [_thread_blocked, id=21860, stack(0x000000c236100000,0x000000c236200000) (1024K)]
  0x0000020952ca7430 JavaThread "http-nio-8080-exec-2"       daemon [_thread_blocked, id=29796, stack(0x000000c236200000,0x000000c236300000) (1024K)]
  0x0000020952ca4cd0 JavaThread "http-nio-8080-exec-3"       daemon [_thread_blocked, id=11344, stack(0x000000c236300000,0x000000c236400000) (1024K)]
  0x0000020952ca6da0 JavaThread "http-nio-8080-exec-4"       daemon [_thread_blocked, id=9400, stack(0x000000c236400000,0x000000c236500000) (1024K)]
  0x0000020952ca5360 JavaThread "http-nio-8080-exec-5"       daemon [_thread_blocked, id=13688, stack(0x000000c236500000,0x000000c236600000) (1024K)]
  0x0000020952ca59f0 JavaThread "http-nio-8080-exec-6"       daemon [_thread_blocked, id=15164, stack(0x000000c236600000,0x000000c236700000) (1024K)]
  0x0000020952ca6080 JavaThread "http-nio-8080-exec-7"       daemon [_thread_blocked, id=7684, stack(0x000000c236700000,0x000000c236800000) (1024K)]
  0x00000209534d5800 JavaThread "http-nio-8080-exec-8"       daemon [_thread_blocked, id=19416, stack(0x000000c236800000,0x000000c236900000) (1024K)]
  0x00000209534d5170 JavaThread "http-nio-8080-exec-9"       daemon [_thread_blocked, id=4900, stack(0x000000c236900000,0x000000c236a00000) (1024K)]
  0x00000209534d6bb0 JavaThread "http-nio-8080-exec-10"      daemon [_thread_blocked, id=25704, stack(0x000000c236a00000,0x000000c236b00000) (1024K)]
  0x00000209534d5e90 JavaThread "http-nio-8080-Poller"       daemon [_thread_in_native, id=6484, stack(0x000000c236b00000,0x000000c236c00000) (1024K)]
  0x00000209534d8c80 JavaThread "http-nio-8080-Acceptor"     daemon [_thread_in_native, id=6928, stack(0x000000c236c00000,0x000000c236d00000) (1024K)]
  0x00000209534d6520 JavaThread "DestroyJavaVM"                     [_thread_blocked, id=6100, stack(0x000000c233c00000,0x000000c233d00000) (1024K)]
Total: 29

Other Threads:
=>0x000002090bafaf90 VMThread "VM Thread"                           [id=776, stack(0x000000c234300000,0x000000c234400000) (1024K)]
  0x000002090bae3150 WatcherThread "VM Periodic Task Thread"        [id=27600, stack(0x000000c234200000,0x000000c234300000) (1024K)]
  0x0000020978047ec0 WorkerThread "GC Thread#0"                     [id=29544, stack(0x000000c233d00000,0x000000c233e00000) (1024K)]
  0x00000209518a2dd0 WorkerThread "GC Thread#1"                     [id=2376, stack(0x000000c235200000,0x000000c235300000) (1024K)]
  0x000002095189e400 WorkerThread "GC Thread#2"                     [id=15948, stack(0x000000c235300000,0x000000c235400000) (1024K)]
  0x00000209518bf1e0 WorkerThread "GC Thread#3"                     [id=3492, stack(0x000000c235400000,0x000000c235500000) (1024K)]
  0x00000209518ff130 WorkerThread "GC Thread#4"                     [id=5688, stack(0x000000c235500000,0x000000c235600000) (1024K)]
  0x00000209518ffce0 WorkerThread "GC Thread#5"                     [id=8664, stack(0x000000c235600000,0x000000c235700000) (1024K)]
  0x0000020951900080 WorkerThread "GC Thread#6"                     [id=23836, stack(0x000000c235700000,0x000000c235800000) (1024K)]
  0x0000020951900420 WorkerThread "GC Thread#7"                     [id=15512, stack(0x000000c235800000,0x000000c235900000) (1024K)]
  0x0000020978054e60 ConcurrentGCThread "G1 Main Marker"            [id=13088, stack(0x000000c233e00000,0x000000c233f00000) (1024K)]
  0x0000020978055960 WorkerThread "G1 Conc#0"                       [id=22624, stack(0x000000c233f00000,0x000000c234000000) (1024K)]
  0x000002095234bad0 WorkerThread "G1 Conc#1"                       [id=9996, stack(0x000000c235900000,0x000000c235a00000) (1024K)]
  0x000002090b9b34c0 ConcurrentGCThread "G1 Refine#0"               [id=14208, stack(0x000000c234000000,0x000000c234100000) (1024K)]
  0x000002090b9b3f40 ConcurrentGCThread "G1 Service"                [id=23820, stack(0x000000c234100000,0x000000c234200000) (1024K)]
Total: 15

Threads with active compile tasks:
Total: 0

VM state: at safepoint (normal execution)

VM Mutex/Monitor currently owned by a thread:  ([mutex/lock_event])
[0x00007ffadd57cd68] Threads_lock - owner thread: 0x000002090bafaf90
[0x00007ffadd57ce68] Heap_lock - owner thread: 0x0000020952ca6080

Heap address: 0x0000000741e00000, size: 3042 MB, Compressed Oops mode: Zero based, Oop shift amount: 3

CDS archive(s) mapped at: [0x000002090c000000-0x000002090cc90000-0x000002090cc90000), size 13172736, SharedBaseAddress: 0x000002090c000000, ArchiveRelocationMode: 1.
Compressed class space mapped at: 0x000002090d000000-0x000002094d000000, reserved size: 1073741824
Narrow klass base: 0x000002090c000000, Narrow klass shift: 0, Narrow klass range: 0x100000000

GC Precious Log:
 CardTable entry size: 512
 Card Set container configuration: InlinePtr #cards 4 size 8 Array Of Cards #cards 16 size 48 Howl #buckets 8 coarsen threshold 3686 Howl Bitmap #cards 512 size 80 coarsen threshold 460 Card regions per heap region 1 cards per card region 4096
 CPUs: 8 total, 8 available
 Memory: 12166M
 Large Page Support: Disabled
 NUMA Support: Disabled
 Compressed Oops: Enabled (Zero based)
 Heap Region Size: 2M
 Heap Min Capacity: 8M
 Heap Initial Capacity: 192M
 Heap Max Capacity: 3042M
 Pre-touch: Disabled
 Parallel Workers: 8
 Concurrent Workers: 2
 Concurrent Refinement Workers: 8
 Periodic GC: Disabled

Heap:
 garbage-first heap   total 321536K, used 62822K [0x0000000741e00000, 0x0000000800000000)
  region size 2048K, 6 young (12288K), 6 survivors (12288K)
 Metaspace       used 61306K, committed 62208K, reserved 1114112K
  class space    used 8732K, committed 9152K, reserved 1048576K

Heap Regions: E=young(eden), S=young(survivor), O=old, HS=humongous(starts), HC=humongous(continues), CS=collection set, F=free, TAMS=top-at-mark-start, PB=parsable bottom
|   0|0x0000000741e00000, 0x0000000742000000, 0x0000000742000000|100%| O|  |TAMS 0x0000000742000000| PB 0x0000000741e00000| Untracked 
|   1|0x0000000742000000, 0x0000000742200000, 0x0000000742200000|100%| O|  |TAMS 0x0000000742200000| PB 0x0000000742000000| Updating 
|   2|0x0000000742200000, 0x0000000742400000, 0x0000000742400000|100%| O|  |TAMS 0x0000000742400000| PB 0x0000000742200000| Untracked 
|   3|0x0000000742400000, 0x0000000742600000, 0x0000000742600000|100%| O|  |TAMS 0x0000000742600000| PB 0x0000000742400000| Updating 
|   4|0x0000000742600000, 0x0000000742800000, 0x0000000742800000|100%| O|  |TAMS 0x0000000742800000| PB 0x0000000742600000| Updating 
|   5|0x0000000742800000, 0x0000000742800000, 0x0000000742a00000|  0%| F|  |TAMS 0x0000000742800000| PB 0x0000000742800000| Untracked 
|   6|0x0000000742a00000, 0x0000000742c00000, 0x0000000742c00000|100%| O|  |TAMS 0x0000000742c00000| PB 0x0000000742a00000| Updating 
|   7|0x0000000742c00000, 0x0000000742e00000, 0x0000000742e00000|100%| O|  |TAMS 0x0000000742e00000| PB 0x0000000742c00000| Updating 
|   8|0x0000000742e00000, 0x0000000742ee3b10, 0x0000000743000000| 44%| O|  |TAMS 0x0000000742ee3b10| PB 0x0000000742e00000| Updating 
|   9|0x0000000743000000, 0x0000000743200000, 0x0000000743200000|100%| O|  |TAMS 0x0000000743200000| PB 0x0000000743000000| Updating 
|  10|0x0000000743200000, 0x0000000743400000, 0x0000000743400000|100%| O|  |TAMS 0x0000000743400000| PB 0x0000000743400000| Updating 
|  11|0x0000000743400000, 0x0000000743400000, 0x0000000743600000|  0%| F|  |TAMS 0x0000000743400000| PB 0x0000000743400000| Untracked 
|  12|0x0000000743600000, 0x0000000743800000, 0x0000000743800000|100%| O|  |TAMS 0x0000000743800000| PB 0x0000000743800000| Untracked 
|  13|0x0000000743800000, 0x0000000743a00000, 0x0000000743a00000|100%| O|  |TAMS 0x0000000743a00000| PB 0x0000000743a00000| Updating 
|  14|0x0000000743a00000, 0x0000000743c00000, 0x0000000743c00000|100%| O|  |TAMS 0x0000000743c00000| PB 0x0000000743c00000| Updating 
|  15|0x0000000743c00000, 0x0000000743e00000, 0x0000000743e00000|100%| O|  |TAMS 0x0000000743e00000| PB 0x0000000743e00000| Updating 
|  16|0x0000000743e00000, 0x0000000744000000, 0x0000000744000000|100%| O|  |TAMS 0x0000000744000000| PB 0x0000000744000000| Untracked 
|  17|0x0000000744000000, 0x0000000744200000, 0x0000000744200000|100%| O|  |TAMS 0x0000000744200000| PB 0x0000000744200000| Updating 
|  18|0x0000000744200000, 0x0000000744200000, 0x0000000744400000|  0%| F|  |TAMS 0x0000000744200000| PB 0x0000000744200000| Untracked 
|  19|0x0000000744400000, 0x0000000744600000, 0x0000000744600000|100%| O|  |TAMS 0x0000000744600000| PB 0x0000000744600000| Updating 
|  20|0x0000000744600000, 0x0000000744800000, 0x0000000744800000|100%| O|  |TAMS 0x0000000744800000| PB 0x0000000744800000| Updating 
|  21|0x0000000744800000, 0x0000000744a00000, 0x0000000744a00000|100%| O|  |TAMS 0x0000000744a00000| PB 0x0000000744a00000| Untracked 
|  22|0x0000000744a00000, 0x0000000744c00000, 0x0000000744c00000|100%| O|  |TAMS 0x0000000744c00000| PB 0x0000000744c00000| Updating 
|  23|0x0000000744c00000, 0x0000000744c00000, 0x0000000744e00000|  0%| F|  |TAMS 0x0000000744c00000| PB 0x0000000744c00000| Untracked 
|  24|0x0000000744e00000, 0x0000000745000000, 0x0000000745000000|100%| O|  |TAMS 0x0000000745000000| PB 0x0000000745000000| Updating 
|  25|0x0000000745000000, 0x0000000745200000, 0x0000000745200000|100%| O|  |TAMS 0x0000000745200000| PB 0x0000000745200000| Updating 
|  26|0x0000000745200000, 0x0000000745400000, 0x0000000745400000|100%| O|  |TAMS 0x0000000745400000| PB 0x0000000745400000| Updating 
|  27|0x0000000745400000, 0x0000000745600000, 0x0000000745600000|100%| O|  |TAMS 0x0000000745600000| PB 0x0000000745600000| Updating 
|  28|0x0000000745600000, 0x0000000745800000, 0x0000000745800000|100%| O|  |TAMS 0x0000000745800000| PB 0x0000000745800000| Untracked 
|  29|0x0000000745800000, 0x0000000745a00000, 0x0000000745a00000|100%| O|  |TAMS 0x0000000745a00000| PB 0x0000000745a00000| Updating 
|  30|0x0000000745a00000, 0x0000000745a00000, 0x0000000745c00000|  0%| F|  |TAMS 0x0000000745a00000| PB 0x0000000745a00000| Untracked 
|  31|0x0000000745c00000, 0x0000000745c00000, 0x0000000745e00000|  0%| F|  |TAMS 0x0000000745c00000| PB 0x0000000745c00000| Untracked 
|  32|0x0000000745e00000, 0x0000000745e00000, 0x0000000746000000|  0%| F|  |TAMS 0x0000000745e00000| PB 0x0000000745e00000| Untracked 
|  33|0x0000000746000000, 0x0000000746000000, 0x0000000746200000|  0%| F|  |TAMS 0x0000000746000000| PB 0x0000000746000000| Untracked 
|  34|0x0000000746200000, 0x0000000746200000, 0x0000000746400000|  0%| F|  |TAMS 0x0000000746200000| PB 0x0000000746200000| Untracked 
|  35|0x0000000746400000, 0x0000000746400000, 0x0000000746600000|  0%| F|  |TAMS 0x0000000746400000| PB 0x0000000746400000| Untracked 
|  36|0x0000000746600000, 0x0000000746600000, 0x0000000746800000|  0%| F|  |TAMS 0x0000000746600000| PB 0x0000000746600000| Untracked 
|  37|0x0000000746800000, 0x0000000746800000, 0x0000000746a00000|  0%| F|  |TAMS 0x0000000746800000| PB 0x0000000746800000| Untracked 
|  38|0x0000000746a00000, 0x0000000746a00000, 0x0000000746c00000|  0%| F|  |TAMS 0x0000000746a00000| PB 0x0000000746a00000| Untracked 
|  39|0x0000000746c00000, 0x0000000746c00000, 0x0000000746e00000|  0%| F|  |TAMS 0x0000000746c00000| PB 0x0000000746c00000| Untracked 
|  40|0x0000000746e00000, 0x0000000746e00000, 0x0000000747000000|  0%| F|  |TAMS 0x0000000746e00000| PB 0x0000000746e00000| Untracked 
|  41|0x0000000747000000, 0x0000000747000000, 0x0000000747200000|  0%| F|  |TAMS 0x0000000747000000| PB 0x0000000747000000| Untracked 
|  42|0x0000000747200000, 0x0000000747200000, 0x0000000747400000|  0%| F|  |TAMS 0x0000000747200000| PB 0x0000000747200000| Untracked 
|  43|0x0000000747400000, 0x0000000747400000, 0x0000000747600000|  0%| F|  |TAMS 0x0000000747400000| PB 0x0000000747400000| Untracked 
|  44|0x0000000747600000, 0x0000000747600000, 0x0000000747800000|  0%| F|  |TAMS 0x0000000747600000| PB 0x0000000747600000| Untracked 
|  45|0x0000000747800000, 0x0000000747800000, 0x0000000747a00000|  0%| F|  |TAMS 0x0000000747800000| PB 0x0000000747800000| Untracked 
|  46|0x0000000747a00000, 0x0000000747a00000, 0x0000000747c00000|  0%| F|  |TAMS 0x0000000747a00000| PB 0x0000000747a00000| Untracked 
|  47|0x0000000747c00000, 0x0000000747c00000, 0x0000000747e00000|  0%| F|  |TAMS 0x0000000747c00000| PB 0x0000000747c00000| Untracked 
|  48|0x0000000747e00000, 0x0000000747e00000, 0x0000000748000000|  0%| F|  |TAMS 0x0000000747e00000| PB 0x0000000747e00000| Untracked 
|  49|0x0000000748000000, 0x0000000748000000, 0x0000000748200000|  0%| F|  |TAMS 0x0000000748000000| PB 0x0000000748000000| Untracked 
|  50|0x0000000748200000, 0x0000000748200000, 0x0000000748400000|  0%| F|  |TAMS 0x0000000748200000| PB 0x0000000748200000| Untracked 
|  51|0x0000000748400000, 0x0000000748400000, 0x0000000748600000|  0%| F|  |TAMS 0x0000000748400000| PB 0x0000000748400000| Untracked 
|  52|0x0000000748600000, 0x0000000748600000, 0x0000000748800000|  0%| F|  |TAMS 0x0000000748600000| PB 0x0000000748600000| Untracked 
|  53|0x0000000748800000, 0x0000000748800000, 0x0000000748a00000|  0%| F|  |TAMS 0x0000000748800000| PB 0x0000000748800000| Untracked 
|  54|0x0000000748a00000, 0x0000000748a00000, 0x0000000748c00000|  0%| F|  |TAMS 0x0000000748a00000| PB 0x0000000748a00000| Untracked 
|  55|0x0000000748c00000, 0x0000000748c00000, 0x0000000748e00000|  0%| F|  |TAMS 0x0000000748c00000| PB 0x0000000748c00000| Untracked 
|  56|0x0000000748e00000, 0x0000000748e00000, 0x0000000749000000|  0%| F|  |TAMS 0x0000000748e00000| PB 0x0000000748e00000| Untracked 
|  57|0x0000000749000000, 0x0000000749000000, 0x0000000749200000|  0%| F|  |TAMS 0x0000000749000000| PB 0x0000000749000000| Untracked 
|  58|0x0000000749200000, 0x0000000749200000, 0x0000000749400000|  0%| F|  |TAMS 0x0000000749200000| PB 0x0000000749200000| Untracked 
|  59|0x0000000749400000, 0x0000000749400000, 0x0000000749600000|  0%| F|  |TAMS 0x0000000749400000| PB 0x0000000749400000| Untracked 
|  60|0x0000000749600000, 0x0000000749600000, 0x0000000749800000|  0%| F|  |TAMS 0x0000000749600000| PB 0x0000000749600000| Untracked 
|  61|0x0000000749800000, 0x0000000749800000, 0x0000000749a00000|  0%| F|  |TAMS 0x0000000749800000| PB 0x0000000749800000| Untracked 
|  62|0x0000000749a00000, 0x0000000749a00000, 0x0000000749c00000|  0%| F|  |TAMS 0x0000000749a00000| PB 0x0000000749a00000| Untracked 
|  63|0x0000000749c00000, 0x0000000749c75d80, 0x0000000749e00000| 23%| S|CS|TAMS 0x0000000749c00000| PB 0x0000000749c00000| Complete 
|  64|0x0000000749e00000, 0x000000074a000000, 0x000000074a000000|100%| S|CS|TAMS 0x0000000749e00000| PB 0x0000000749e00000| Complete 
|  65|0x000000074a000000, 0x000000074a200000, 0x000000074a200000|100%| S|CS|TAMS 0x000000074a000000| PB 0x000000074a000000| Complete 
|  66|0x000000074a200000, 0x000000074a400000, 0x000000074a400000|100%| S|CS|TAMS 0x000000074a200000| PB 0x000000074a200000| Complete 
|  67|0x000000074a400000, 0x000000074a600000, 0x000000074a600000|100%| S|CS|TAMS 0x000000074a400000| PB 0x000000074a400000| Complete 
|  68|0x000000074a600000, 0x000000074a800000, 0x000000074a800000|100%| S|CS|TAMS 0x000000074a600000| PB 0x000000074a600000| Complete 
|  69|0x000000074a800000, 0x000000074a800000, 0x000000074aa00000|  0%| F|  |TAMS 0x000000074a800000| PB 0x000000074a800000| Untracked 
|  70|0x000000074aa00000, 0x000000074aa00000, 0x000000074ac00000|  0%| F|  |TAMS 0x000000074aa00000| PB 0x000000074aa00000| Untracked 
|  71|0x000000074ac00000, 0x000000074ac00000, 0x000000074ae00000|  0%| F|  |TAMS 0x000000074ac00000| PB 0x000000074ac00000| Untracked 
|  72|0x000000074ae00000, 0x000000074ae00000, 0x000000074b000000|  0%| F|  |TAMS 0x000000074ae00000| PB 0x000000074ae00000| Untracked 
|  73|0x000000074b000000, 0x000000074b000000, 0x000000074b200000|  0%| F|  |TAMS 0x000000074b000000| PB 0x000000074b000000| Untracked 
|  74|0x000000074b200000, 0x000000074b200000, 0x000000074b400000|  0%| F|  |TAMS 0x000000074b200000| PB 0x000000074b200000| Untracked 
|  75|0x000000074b400000, 0x000000074b400000, 0x000000074b600000|  0%| F|  |TAMS 0x000000074b400000| PB 0x000000074b400000| Untracked 
|  76|0x000000074b600000, 0x000000074b600000, 0x000000074b800000|  0%| F|  |TAMS 0x000000074b600000| PB 0x000000074b600000| Untracked 
|  77|0x000000074b800000, 0x000000074b800000, 0x000000074ba00000|  0%| F|  |TAMS 0x000000074b800000| PB 0x000000074b800000| Untracked 
|  78|0x000000074ba00000, 0x000000074ba00000, 0x000000074bc00000|  0%| F|  |TAMS 0x000000074ba00000| PB 0x000000074ba00000| Untracked 
|  79|0x000000074bc00000, 0x000000074bc00000, 0x000000074be00000|  0%| F|  |TAMS 0x000000074bc00000| PB 0x000000074bc00000| Untracked 
|  80|0x000000074be00000, 0x000000074be00000, 0x000000074c000000|  0%| F|  |TAMS 0x000000074be00000| PB 0x000000074be00000| Untracked 
|  81|0x000000074c000000, 0x000000074c000000, 0x000000074c200000|  0%| F|  |TAMS 0x000000074c000000| PB 0x000000074c000000| Untracked 
|  82|0x000000074c200000, 0x000000074c200000, 0x000000074c400000|  0%| F|  |TAMS 0x000000074c200000| PB 0x000000074c200000| Untracked 
|  83|0x000000074c400000, 0x000000074c400000, 0x000000074c600000|  0%| F|  |TAMS 0x000000074c400000| PB 0x000000074c400000| Untracked 
|  84|0x000000074c600000, 0x000000074c600000, 0x000000074c800000|  0%| F|  |TAMS 0x000000074c600000| PB 0x000000074c600000| Untracked 
|  85|0x000000074c800000, 0x000000074c800000, 0x000000074ca00000|  0%| F|  |TAMS 0x000000074c800000| PB 0x000000074c800000| Untracked 
|  86|0x000000074ca00000, 0x000000074ca00000, 0x000000074cc00000|  0%| F|  |TAMS 0x000000074ca00000| PB 0x000000074ca00000| Untracked 
|  87|0x000000074cc00000, 0x000000074cc00000, 0x000000074ce00000|  0%| F|  |TAMS 0x000000074cc00000| PB 0x000000074cc00000| Untracked 
|  88|0x000000074ce00000, 0x000000074ce00000, 0x000000074d000000|  0%| F|  |TAMS 0x000000074ce00000| PB 0x000000074ce00000| Untracked 
|  89|0x000000074d000000, 0x000000074d000000, 0x000000074d200000|  0%| F|  |TAMS 0x000000074d000000| PB 0x000000074d000000| Untracked 
|  90|0x000000074d200000, 0x000000074d200000, 0x000000074d400000|  0%| F|  |TAMS 0x000000074d200000| PB 0x000000074d200000| Untracked 
|  91|0x000000074d400000, 0x000000074d400000, 0x000000074d600000|  0%| F|  |TAMS 0x000000074d400000| PB 0x000000074d400000| Untracked 
|  92|0x000000074d600000, 0x000000074d600000, 0x000000074d800000|  0%| F|  |TAMS 0x000000074d600000| PB 0x000000074d600000| Untracked 
|  93|0x000000074d800000, 0x000000074d800000, 0x000000074da00000|  0%| F|  |TAMS 0x000000074d800000| PB 0x000000074d800000| Untracked 
|  94|0x000000074da00000, 0x000000074da00000, 0x000000074dc00000|  0%| F|  |TAMS 0x000000074da00000| PB 0x000000074da00000| Untracked 
|  95|0x000000074dc00000, 0x000000074dc00000, 0x000000074de00000|  0%| F|  |TAMS 0x000000074dc00000| PB 0x000000074dc00000| Untracked 
|  96|0x000000074de00000, 0x000000074de00000, 0x000000074e000000|  0%| F|  |TAMS 0x000000074de00000| PB 0x000000074de00000| Untracked 
|  97|0x000000074e000000, 0x000000074e000000, 0x000000074e200000|  0%| F|  |TAMS 0x000000074e000000| PB 0x000000074e000000| Untracked 
|  98|0x000000074e200000, 0x000000074e200000, 0x000000074e400000|  0%| F|  |TAMS 0x000000074e200000| PB 0x000000074e200000| Untracked 
|  99|0x000000074e400000, 0x000000074e400000, 0x000000074e600000|  0%| F|  |TAMS 0x000000074e400000| PB 0x000000074e400000| Untracked 
| 100|0x000000074e600000, 0x000000074e600000, 0x000000074e800000|  0%| F|  |TAMS 0x000000074e600000| PB 0x000000074e600000| Untracked 
| 101|0x000000074e800000, 0x000000074e800000, 0x000000074ea00000|  0%| F|  |TAMS 0x000000074e800000| PB 0x000000074e800000| Untracked 
| 102|0x000000074ea00000, 0x000000074ea00000, 0x000000074ec00000|  0%| F|  |TAMS 0x000000074ea00000| PB 0x000000074ea00000| Untracked 
| 103|0x000000074ec00000, 0x000000074ec00000, 0x000000074ee00000|  0%| F|  |TAMS 0x000000074ec00000| PB 0x000000074ec00000| Untracked 
| 104|0x000000074ee00000, 0x000000074ee00000, 0x000000074f000000|  0%| F|  |TAMS 0x000000074ee00000| PB 0x000000074ee00000| Untracked 
| 105|0x000000074f000000, 0x000000074f000000, 0x000000074f200000|  0%| F|  |TAMS 0x000000074f000000| PB 0x000000074f000000| Untracked 
| 106|0x000000074f200000, 0x000000074f200000, 0x000000074f400000|  0%| F|  |TAMS 0x000000074f200000| PB 0x000000074f200000| Untracked 
| 107|0x000000074f400000, 0x000000074f400000, 0x000000074f600000|  0%| F|  |TAMS 0x000000074f400000| PB 0x000000074f400000| Untracked 
| 108|0x000000074f600000, 0x000000074f600000, 0x000000074f800000|  0%| F|  |TAMS 0x000000074f600000| PB 0x000000074f600000| Untracked 
| 109|0x000000074f800000, 0x000000074f800000, 0x000000074fa00000|  0%| F|  |TAMS 0x000000074f800000| PB 0x000000074f800000| Untracked 
| 110|0x000000074fa00000, 0x000000074fa00000, 0x000000074fc00000|  0%| F|  |TAMS 0x000000074fa00000| PB 0x000000074fa00000| Untracked 
| 111|0x000000074fc00000, 0x000000074fc00000, 0x000000074fe00000|  0%| F|  |TAMS 0x000000074fc00000| PB 0x000000074fc00000| Untracked 
| 112|0x000000074fe00000, 0x000000074fe00000, 0x0000000750000000|  0%| F|  |TAMS 0x000000074fe00000| PB 0x000000074fe00000| Untracked 
| 113|0x0000000750000000, 0x0000000750000000, 0x0000000750200000|  0%| F|  |TAMS 0x0000000750000000| PB 0x0000000750000000| Untracked 
| 114|0x0000000750200000, 0x0000000750200000, 0x0000000750400000|  0%| F|  |TAMS 0x0000000750200000| PB 0x0000000750200000| Untracked 
| 115|0x0000000750400000, 0x0000000750400000, 0x0000000750600000|  0%| F|  |TAMS 0x0000000750400000| PB 0x0000000750400000| Untracked 
| 116|0x0000000750600000, 0x0000000750600000, 0x0000000750800000|  0%| F|  |TAMS 0x0000000750600000| PB 0x0000000750600000| Untracked 
| 117|0x0000000750800000, 0x0000000750800000, 0x0000000750a00000|  0%| F|  |TAMS 0x0000000750800000| PB 0x0000000750800000| Untracked 
| 118|0x0000000750a00000, 0x0000000750a00000, 0x0000000750c00000|  0%| F|  |TAMS 0x0000000750a00000| PB 0x0000000750a00000| Untracked 
| 119|0x0000000750c00000, 0x0000000750c00000, 0x0000000750e00000|  0%| F|  |TAMS 0x0000000750c00000| PB 0x0000000750c00000| Untracked 
| 120|0x0000000750e00000, 0x0000000750e00000, 0x0000000751000000|  0%| F|  |TAMS 0x0000000750e00000| PB 0x0000000750e00000| Untracked 
| 121|0x0000000751000000, 0x0000000751000000, 0x0000000751200000|  0%| F|  |TAMS 0x0000000751000000| PB 0x0000000751000000| Untracked 
| 122|0x0000000751200000, 0x0000000751200000, 0x0000000751400000|  0%| F|  |TAMS 0x0000000751200000| PB 0x0000000751200000| Untracked 
| 123|0x0000000751400000, 0x0000000751400000, 0x0000000751600000|  0%| F|  |TAMS 0x0000000751400000| PB 0x0000000751400000| Untracked 
| 124|0x0000000751600000, 0x0000000751600000, 0x0000000751800000|  0%| F|  |TAMS 0x0000000751600000| PB 0x0000000751600000| Untracked 
| 125|0x0000000751800000, 0x0000000751800000, 0x0000000751a00000|  0%| F|  |TAMS 0x0000000751800000| PB 0x0000000751800000| Untracked 
| 126|0x0000000751a00000, 0x0000000751a00000, 0x0000000751c00000|  0%| F|  |TAMS 0x0000000751a00000| PB 0x0000000751a00000| Untracked 
| 127|0x0000000751c00000, 0x0000000751c00000, 0x0000000751e00000|  0%| F|  |TAMS 0x0000000751c00000| PB 0x0000000751c00000| Untracked 
| 128|0x0000000751e00000, 0x0000000751e00000, 0x0000000752000000|  0%| F|  |TAMS 0x0000000751e00000| PB 0x0000000751e00000| Untracked 
| 129|0x0000000752000000, 0x0000000752000000, 0x0000000752200000|  0%| F|  |TAMS 0x0000000752000000| PB 0x0000000752000000| Untracked 
| 130|0x0000000752200000, 0x0000000752200000, 0x0000000752400000|  0%| F|  |TAMS 0x0000000752200000| PB 0x0000000752200000| Untracked 
| 131|0x0000000752400000, 0x0000000752400000, 0x0000000752600000|  0%| F|  |TAMS 0x0000000752400000| PB 0x0000000752400000| Untracked 
| 132|0x0000000752600000, 0x0000000752600000, 0x0000000752800000|  0%| F|  |TAMS 0x0000000752600000| PB 0x0000000752600000| Untracked 
| 133|0x0000000752800000, 0x0000000752800000, 0x0000000752a00000|  0%| F|  |TAMS 0x0000000752800000| PB 0x0000000752800000| Untracked 
| 134|0x0000000752a00000, 0x0000000752a00000, 0x0000000752c00000|  0%| F|  |TAMS 0x0000000752a00000| PB 0x0000000752a00000| Untracked 
| 135|0x0000000752c00000, 0x0000000752c00000, 0x0000000752e00000|  0%| F|  |TAMS 0x0000000752c00000| PB 0x0000000752c00000| Untracked 
| 136|0x0000000752e00000, 0x0000000752e00000, 0x0000000753000000|  0%| F|  |TAMS 0x0000000752e00000| PB 0x0000000752e00000| Untracked 
| 137|0x0000000753000000, 0x0000000753000000, 0x0000000753200000|  0%| F|  |TAMS 0x0000000753000000| PB 0x0000000753000000| Untracked 
| 138|0x0000000753200000, 0x0000000753200000, 0x0000000753400000|  0%| F|  |TAMS 0x0000000753200000| PB 0x0000000753200000| Untracked 
| 139|0x0000000753400000, 0x0000000753400000, 0x0000000753600000|  0%| F|  |TAMS 0x0000000753400000| PB 0x0000000753400000| Untracked 
| 140|0x0000000753600000, 0x0000000753600000, 0x0000000753800000|  0%| F|  |TAMS 0x0000000753600000| PB 0x0000000753600000| Untracked 
| 141|0x0000000753800000, 0x0000000753800000, 0x0000000753a00000|  0%| F|  |TAMS 0x0000000753800000| PB 0x0000000753800000| Untracked 
| 142|0x0000000753a00000, 0x0000000753a00000, 0x0000000753c00000|  0%| F|  |TAMS 0x0000000753a00000| PB 0x0000000753a00000| Untracked 
| 143|0x0000000753c00000, 0x0000000753c00000, 0x0000000753e00000|  0%| F|  |TAMS 0x0000000753c00000| PB 0x0000000753c00000| Untracked 
| 144|0x0000000753e00000, 0x0000000753e00000, 0x0000000754000000|  0%| F|  |TAMS 0x0000000753e00000| PB 0x0000000753e00000| Untracked 
| 145|0x0000000754000000, 0x0000000754000000, 0x0000000754200000|  0%| F|  |TAMS 0x0000000754000000| PB 0x0000000754000000| Untracked 
| 146|0x0000000754200000, 0x0000000754200000, 0x0000000754400000|  0%| F|  |TAMS 0x0000000754200000| PB 0x0000000754200000| Untracked 
| 147|0x0000000754400000, 0x0000000754400000, 0x0000000754600000|  0%| F|  |TAMS 0x0000000754400000| PB 0x0000000754400000| Untracked 
| 148|0x0000000754600000, 0x0000000754600000, 0x0000000754800000|  0%| F|  |TAMS 0x0000000754600000| PB 0x0000000754600000| Untracked 
| 149|0x0000000754800000, 0x0000000754800000, 0x0000000754a00000|  0%| F|  |TAMS 0x0000000754800000| PB 0x0000000754800000| Untracked 
| 150|0x0000000754a00000, 0x0000000754a00000, 0x0000000754c00000|  0%| F|  |TAMS 0x0000000754a00000| PB 0x0000000754a00000| Untracked 
| 151|0x0000000754c00000, 0x0000000754c00000, 0x0000000754e00000|  0%| F|  |TAMS 0x0000000754c00000| PB 0x0000000754c00000| Untracked 
| 152|0x0000000754e00000, 0x0000000754e00000, 0x0000000755000000|  0%| F|  |TAMS 0x0000000754e00000| PB 0x0000000754e00000| Untracked 
| 153|0x0000000755000000, 0x0000000755000000, 0x0000000755200000|  0%| F|  |TAMS 0x0000000755000000| PB 0x0000000755000000| Untracked 
| 154|0x0000000755200000, 0x0000000755200000, 0x0000000755400000|  0%| F|  |TAMS 0x0000000755200000| PB 0x0000000755200000| Untracked 
|1518|0x00000007ffa00000, 0x00000007ffa00000, 0x00000007ffc00000|  0%| F|  |TAMS 0x00000007ffa00000| PB 0x00000007ffa00000| Untracked 
|1520|0x00000007ffe00000, 0x00000007ffe00000, 0x0000000800000000|  0%| F|  |TAMS 0x00000007ffe00000| PB 0x00000007ffe00000| Untracked 

Card table byte_map: [0x000002097d760000,0x000002097dd60000] _byte_map_base: 0x0000020979d51000

Marking Bits: (CMBitMap*) 0x00000209780485c0
 Bits: [0x00000209083a0000, 0x000002090b328000)

Polling page: 0x00000209780b0000

Metaspace:

Usage:
  Non-class:     51.34 MB used.
      Class:      8.53 MB used.
       Both:     59.87 MB used.

Virtual space:
  Non-class space:       64.00 MB reserved,      51.81 MB ( 81%) committed,  1 nodes.
      Class space:        1.00 GB reserved,       8.94 MB ( <1%) committed,  1 nodes.
             Both:        1.06 GB reserved,      60.75 MB (  6%) committed. 

Chunk freelists:
   Non-Class:  11.60 MB
       Class:  7.18 MB
        Both:  18.79 MB

MaxMetaspaceSize: unlimited
CompressedClassSpaceSize: 1.00 GB
Initial GC threshold: 21.00 MB
Current GC threshold: 101.19 MB
CDS: on
 - commit_granule_bytes: 65536.
 - commit_granule_words: 8192.
 - virtual_space_node_default_size: 8388608.
 - enlarge_chunks_in_place: 1.
 - use_allocation_guard: 0.


Internal statistics:

num_allocs_failed_limit: 6.
num_arena_births: 1044.
num_arena_deaths: 394.
num_vsnodes_births: 2.
num_vsnodes_deaths: 0.
num_space_committed: 972.
num_space_uncommitted: 0.
num_chunks_returned_to_freelist: 456.
num_chunks_taken_from_freelist: 3274.
num_chunk_merges: 103.
num_chunk_splits: 2322.
num_chunks_enlarged: 1829.
num_inconsistent_stats: 0.

CodeCache: size=49152Kb used=6213Kb max_used=14444Kb free=42938Kb
 bounds [0x0000020979880000, 0x000002097a6a0000, 0x000002097c880000]
 total_blobs=3315 nmethods=2623 adapters=615
 compilation: enabled
              stopped_count=0, restarted_count=0
 full_count=0

Compilation events (20 events):
Event: 1986.446 Thread 0x000002090bb1fd40 8093       1       org.apache.tomcat.util.buf.ByteChunk::recycle (10 bytes)
Event: 1986.446 Thread 0x000002090bb1fd40 nmethod 8093 0x000002097a481190 code [0x000002097a481320, 0x000002097a481428]
Event: 2095.812 Thread 0x000002090bb1fd40 8094       1       java.nio.ByteBuffer::array (35 bytes)
Event: 2095.813 Thread 0x000002090bb1fd40 nmethod 8094 0x000002097a480c10 code [0x000002097a480dc0, 0x000002097a480fb0]
Event: 2095.813 Thread 0x000002090bb1fd40 8095   !   1       java.io.StringReader::mark (44 bytes)
Event: 2095.813 Thread 0x000002090bb1fd40 nmethod 8095 0x000002097a515a10 code [0x000002097a515be0, 0x000002097a515f08]
Event: 2095.813 Thread 0x000002090bb1fd40 8096       1       org.apache.tomcat.util.http.MimeHeaderField::getValue (5 bytes)
Event: 2095.813 Thread 0x000002090bb1fd40 nmethod 8096 0x000002097a515710 code [0x000002097a5158a0, 0x000002097a515970]
Event: 2095.813 Thread 0x000002090bb1fd40 8097       1       org.apache.coyote.Request::method (5 bytes)
Event: 2095.813 Thread 0x000002090bb1fd40 nmethod 8097 0x000002097a515410 code [0x000002097a5155a0, 0x000002097a515670]
Event: 2095.816 Thread 0x000002090bb1fd40 8098       1       java.lang.ref.SoftReference::<init> (13 bytes)
Event: 2095.816 Thread 0x000002090bb1fd40 nmethod 8098 0x000002097a38ba10 code [0x000002097a38bbc0, 0x000002097a38bd70]
Event: 2095.816 Thread 0x000002090bb1fd40 8099       1       java.lang.PublicMethods::toArray (76 bytes)
Event: 2095.817 Thread 0x000002090bb1fd40 nmethod 8099 0x000002097a38b110 code [0x000002097a38b300, 0x000002097a38b6c8]
Event: 2095.817 Thread 0x000002090bb1fd40 8100       1       java.lang.invoke.MemberName::initResolved (53 bytes)
Event: 2095.817 Thread 0x000002090bb1fd40 nmethod 8100 0x000002097a44bd10 code [0x000002097a44bea0, 0x000002097a44bfc8]
Event: 2095.817 Thread 0x000002090bb1fd40 8101       1       jdk.internal.org.objectweb.asm.Label::<init> (5 bytes)
Event: 2095.817 Thread 0x000002090bb1fd40 nmethod 8101 0x000002097a44ba10 code [0x000002097a44bba0, 0x000002097a44bc68]
Event: 2095.817 Thread 0x000002090bb1fd40 8102       1       jdk.internal.org.objectweb.asm.Frame::accept (264 bytes)
Event: 2095.818 Thread 0x000002090bb1fd40 nmethod 8102 0x000002097a5d4890 code [0x000002097a5d4a60, 0x000002097a5d4e30]

GC Heap History (20 events):
Event: 798.630 GC heap after
{Heap after GC invocations=71 (full 0):
 garbage-first heap   total 241664K, used 38968K [0x0000000741e00000, 0x0000000800000000)
  region size 2048K, 1 young (2048K), 1 survivors (2048K)
 Metaspace       used 61295K, committed 62208K, reserved 1114112K
  class space    used 8730K, committed 9152K, reserved 1048576K
}
Event: 798.655 GC heap before
{Heap before GC invocations=71 (full 0):
 garbage-first heap   total 241664K, used 178232K [0x0000000741e00000, 0x0000000800000000)
  region size 2048K, 70 young (143360K), 1 survivors (2048K)
 Metaspace       used 61295K, committed 62208K, reserved 1114112K
  class space    used 8730K, committed 9152K, reserved 1048576K
}
Event: 798.658 GC heap after
{Heap after GC invocations=72 (full 0):
 garbage-first heap   total 501760K, used 38976K [0x0000000741e00000, 0x0000000800000000)
  region size 2048K, 1 young (2048K), 1 survivors (2048K)
 Metaspace       used 61295K, committed 62208K, reserved 1114112K
  class space    used 8730K, committed 9152K, reserved 1048576K
}
Event: 1830.759 GC heap before
{Heap before GC invocations=73 (full 0):
 garbage-first heap   total 430080K, used 292928K [0x0000000741e00000, 0x0000000800000000)
  region size 2048K, 126 young (258048K), 1 survivors (2048K)
 Metaspace       used 61328K, committed 62208K, reserved 1114112K
  class space    used 8738K, committed 9152K, reserved 1048576K
}
Event: 1830.771 GC heap after
{Heap after GC invocations=74 (full 0):
 garbage-first heap   total 430080K, used 51407K [0x0000000741e00000, 0x0000000800000000)
  region size 2048K, 7 young (14336K), 7 survivors (14336K)
 Metaspace       used 61328K, committed 62208K, reserved 1114112K
  class space    used 8738K, committed 9152K, reserved 1048576K
}
Event: 1924.852 GC heap before
{Heap before GC invocations=74 (full 0):
 garbage-first heap   total 430080K, used 297167K [0x0000000741e00000, 0x0000000800000000)
  region size 2048K, 126 young (258048K), 7 survivors (14336K)
 Metaspace       used 61328K, committed 62208K, reserved 1114112K
  class space    used 8738K, committed 9152K, reserved 1048576K
}
Event: 1924.870 GC heap after
{Heap after GC invocations=75 (full 0):
 garbage-first heap   total 430080K, used 57124K [0x0000000741e00000, 0x0000000800000000)
  region size 2048K, 9 young (18432K), 9 survivors (18432K)
 Metaspace       used 61328K, committed 62208K, reserved 1114112K
  class space    used 8738K, committed 9152K, reserved 1048576K
}
Event: 1986.337 GC heap before
{Heap before GC invocations=75 (full 0):
 garbage-first heap   total 430080K, used 227108K [0x0000000741e00000, 0x0000000800000000)
  region size 2048K, 93 young (190464K), 9 survivors (18432K)
 Metaspace       used 61328K, committed 62208K, reserved 1114112K
  class space    used 8738K, committed 9152K, reserved 1048576K
}
Event: 1986.355 GC heap after
{Heap after GC invocations=76 (full 0):
 garbage-first heap   total 430080K, used 63719K [0x0000000741e00000, 0x0000000800000000)
  region size 2048K, 7 young (14336K), 7 survivors (14336K)
 Metaspace       used 61328K, committed 62208K, reserved 1114112K
  class space    used 8738K, committed 9152K, reserved 1048576K
}
Event: 2096.081 GC heap before
{Heap before GC invocations=77 (full 0):
 garbage-first heap   total 321536K, used 264423K [0x0000000741e00000, 0x0000000800000000)
  region size 2048K, 94 young (192512K), 7 survivors (14336K)
 Metaspace       used 61323K, committed 62208K, reserved 1114112K
  class space    used 8737K, committed 9152K, reserved 1048576K
}
Event: 2096.094 GC heap after
{Heap after GC invocations=78 (full 0):
 garbage-first heap   total 321536K, used 69310K [0x0000000741e00000, 0x0000000800000000)
  region size 2048K, 9 young (18432K), 9 survivors (18432K)
 Metaspace       used 61323K, committed 62208K, reserved 1114112K
  class space    used 8737K, committed 9152K, reserved 1048576K
}
Event: 2096.127 GC heap before
{Heap before GC invocations=78 (full 0):
 garbage-first heap   total 321536K, used 241342K [0x0000000741e00000, 0x0000000800000000)
  region size 2048K, 94 young (192512K), 9 survivors (18432K)
 Metaspace       used 61323K, committed 62208K, reserved 1114112K
  class space    used 8737K, committed 9152K, reserved 1048576K
}
Event: 2096.139 GC heap after
{Heap after GC invocations=79 (full 0):
 garbage-first heap   total 321536K, used 67835K [0x0000000741e00000, 0x0000000800000000)
  region size 2048K, 6 young (12288K), 6 survivors (12288K)
 Metaspace       used 61323K, committed 62208K, reserved 1114112K
  class space    used 8737K, committed 9152K, reserved 1048576K
}
Event: 2096.168 GC heap before
{Heap before GC invocations=79 (full 0):
 garbage-first heap   total 321536K, used 246011K [0x0000000741e00000, 0x0000000800000000)
  region size 2048K, 94 young (192512K), 6 survivors (12288K)
 Metaspace       used 61323K, committed 62208K, reserved 1114112K
  class space    used 8737K, committed 9152K, reserved 1048576K
}
Event: 2096.176 GC heap after
{Heap after GC invocations=80 (full 0):
 garbage-first heap   total 321536K, used 66712K [0x0000000741e00000, 0x0000000800000000)
  region size 2048K, 6 young (12288K), 6 survivors (12288K)
 Metaspace       used 61323K, committed 62208K, reserved 1114112K
  class space    used 8737K, committed 9152K, reserved 1048576K
}
Event: 2096.208 GC heap before
{Heap before GC invocations=80 (full 0):
 garbage-first heap   total 321536K, used 244888K [0x0000000741e00000, 0x0000000800000000)
  region size 2048K, 94 young (192512K), 6 survivors (12288K)
 Metaspace       used 61323K, committed 62208K, reserved 1114112K
  class space    used 8737K, committed 9152K, reserved 1048576K
}
Event: 2096.216 GC heap after
{Heap after GC invocations=81 (full 0):
 garbage-first heap   total 321536K, used 66932K [0x0000000741e00000, 0x0000000800000000)
  region size 2048K, 6 young (12288K), 6 survivors (12288K)
 Metaspace       used 61323K, committed 62208K, reserved 1114112K
  class space    used 8737K, committed 9152K, reserved 1048576K
}
Event: 2096.247 GC heap before
{Heap before GC invocations=81 (full 0):
 garbage-first heap   total 321536K, used 245108K [0x0000000741e00000, 0x0000000800000000)
  region size 2048K, 94 young (192512K), 6 survivors (12288K)
 Metaspace       used 61323K, committed 62208K, reserved 1114112K
  class space    used 8737K, committed 9152K, reserved 1048576K
}
Event: 2096.256 GC heap after
{Heap after GC invocations=82 (full 0):
 garbage-first heap   total 321536K, used 66926K [0x0000000741e00000, 0x0000000800000000)
  region size 2048K, 6 young (12288K), 6 survivors (12288K)
 Metaspace       used 61323K, committed 62208K, reserved 1114112K
  class space    used 8737K, committed 9152K, reserved 1048576K
}
Event: 2096.300 GC heap before
{Heap before GC invocations=82 (full 0):
 garbage-first heap   total 321536K, used 241006K [0x0000000741e00000, 0x0000000800000000)
  region size 2048K, 94 young (192512K), 6 survivors (12288K)
 Metaspace       used 61306K, committed 62208K, reserved 1114112K
  class space    used 8732K, committed 9152K, reserved 1048576K
}

Dll operation events (13 events):
Event: 0.034 Loaded shared library C:\Program Files\Java\jdk-21\bin\java.dll
Event: 0.336 Loaded shared library C:\Program Files\Java\jdk-21\bin\zip.dll
Event: 0.344 Loaded shared library C:\Program Files\Java\jdk-21\bin\instrument.dll
Event: 0.356 Loaded shared library C:\Program Files\Java\jdk-21\bin\net.dll
Event: 0.360 Loaded shared library C:\Program Files\Java\jdk-21\bin\nio.dll
Event: 0.366 Loaded shared library C:\Program Files\Java\jdk-21\bin\zip.dll
Event: 0.546 Loaded shared library D:\Download\intellij\IntelliJ IDEA 2023.3.3\bin\breakgen64.dll
Event: 0.559 Loaded shared library C:\Program Files\Java\jdk-21\bin\jimage.dll
Event: 0.569 Loaded shared library C:\Program Files\Java\jdk-21\bin\extnet.dll
Event: 0.602 Loaded shared library C:\Program Files\Java\jdk-21\bin\management.dll
Event: 0.634 Loaded shared library C:\Program Files\Java\jdk-21\bin\management_ext.dll
Event: 3.030 Loaded shared library C:\Program Files\Java\jdk-21\bin\sunmscapi.dll
Event: 6.851 Loaded shared library C:\Program Files\Java\jdk-21\bin\verify.dll

Deoptimization events (8 events):
Event: 4.897 Thread 0x0000020977d5a960 DEOPT PACKING pc=0x000002097a010114 sp=0x000000c233cfd5e0
Event: 4.897 Thread 0x0000020977d5a960 DEOPT UNPACKING pc=0x00000209798d4e42 sp=0x000000c233cfca98 mode 0
Event: 10.243 Thread 0x0000020977d5a960 DEOPT PACKING pc=0x0000020979ed9a44 sp=0x000000c233cfca60
Event: 10.243 Thread 0x0000020977d5a960 DEOPT UNPACKING pc=0x00000209798d4e42 sp=0x000000c233cfbfb8 mode 0
Event: 10.645 Thread 0x0000020977d5a960 DEOPT PACKING pc=0x0000020979ebe081 sp=0x000000c233cfe300
Event: 10.645 Thread 0x0000020977d5a960 DEOPT UNPACKING pc=0x00000209798d4e42 sp=0x000000c233cfd808 mode 3
Event: 81.761 Thread 0x0000020952ca4640 DEOPT PACKING pc=0x00000209799efb94 sp=0x000000c2361fc080
Event: 81.761 Thread 0x0000020952ca4640 DEOPT UNPACKING pc=0x00000209798d4e42 sp=0x000000c2361fb538 mode 0

Classes loaded (20 events):
Event: 81.036 Loading class sun/nio/cs/ThreadLocalCoders$1
Event: 81.036 Loading class sun/nio/cs/ThreadLocalCoders$Cache
Event: 81.036 Loading class sun/nio/cs/ThreadLocalCoders$Cache done
Event: 81.036 Loading class sun/nio/cs/ThreadLocalCoders$1 done
Event: 81.036 Loading class sun/nio/cs/ThreadLocalCoders$2
Event: 81.036 Loading class sun/nio/cs/ThreadLocalCoders$2 done
Event: 81.285 Loading class java/util/AbstractMap$SimpleEntry
Event: 81.285 Loading class java/util/AbstractMap$SimpleEntry done
Event: 320.017 Loading class java/time/format/DateTimeFormatterBuilder$ZoneTextPrinterParser
Event: 320.018 Loading class java/time/format/DateTimeFormatterBuilder$ZoneTextPrinterParser done
Event: 320.018 Loading class java/time/format/DateTimeFormatterBuilder$ReducedPrinterParser
Event: 320.018 Loading class java/time/format/DateTimeFormatterBuilder$ReducedPrinterParser done
Event: 320.042 Loading class java/util/OptionalLong
Event: 320.042 Loading class java/util/OptionalLong done
Event: 320.042 Loading class java/util/OptionalDouble
Event: 320.043 Loading class java/util/OptionalDouble done
Event: 320.045 Loading class java/util/stream/LongStream
Event: 320.046 Loading class java/util/stream/LongStream done
Event: 320.046 Loading class java/util/stream/DoubleStream
Event: 320.047 Loading class java/util/stream/DoubleStream done

Classes unloaded (20 events):
Event: 96.152 Thread 0x000002090bafaf90 Unloading class 0x000002090d001400 'java/lang/invoke/LambdaForm$MH+0x000002090d001400'
Event: 129.023 Thread 0x000002090bafaf90 Unloading class 0x000002090d224000 'java/lang/invoke/LambdaForm$MH+0x000002090d224000'
Event: 129.023 Thread 0x000002090bafaf90 Unloading class 0x000002090d0c2c00 'java/lang/invoke/LambdaForm$MH+0x000002090d0c2c00'
Event: 798.146 Thread 0x000002090bafaf90 Unloading class 0x000002090d7f0000 'java/lang/invoke/LambdaForm$MH+0x000002090d7f0000'
Event: 798.146 Thread 0x000002090bafaf90 Unloading class 0x000002090d7fc000 'java/lang/invoke/LambdaForm$MH+0x000002090d7fc000'
Event: 798.146 Thread 0x000002090bafaf90 Unloading class 0x000002090d824000 'java/lang/invoke/LambdaForm$MH+0x000002090d824000'
Event: 1986.435 Thread 0x000002090bafaf90 Unloading class 0x000002090d854800 'java/lang/invoke/LambdaForm$MH+0x000002090d854800'
Event: 1986.435 Thread 0x000002090bafaf90 Unloading class 0x000002090d855400 'java/lang/invoke/LambdaForm$MH+0x000002090d855400'
Event: 1986.435 Thread 0x000002090bafaf90 Unloading class 0x000002090d856000 'java/lang/invoke/LambdaForm$MH+0x000002090d856000'
Event: 1986.435 Thread 0x000002090bafaf90 Unloading class 0x000002090d0c2c00 'java/lang/invoke/LambdaForm$MH+0x000002090d0c2c00'
Event: 1986.435 Thread 0x000002090bafaf90 Unloading class 0x000002090d224000 'java/lang/invoke/LambdaForm$MH+0x000002090d224000'
Event: 2096.276 Thread 0x000002090bafaf90 Unloading class 0x000002090d425000 'java/lang/invoke/LambdaForm$MH+0x000002090d425000'
Event: 2096.276 Thread 0x000002090bafaf90 Unloading class 0x000002090d439800 'java/lang/invoke/LambdaForm$MH+0x000002090d439800'
Event: 2096.276 Thread 0x000002090bafaf90 Unloading class 0x000002090d75d400 'java/lang/invoke/LambdaForm$MH+0x000002090d75d400'
Event: 2096.276 Thread 0x000002090bafaf90 Unloading class 0x000002090d75e800 'java/lang/invoke/LambdaForm$MH+0x000002090d75e800'
Event: 2096.276 Thread 0x000002090bafaf90 Unloading class 0x000002090d760000 'java/lang/invoke/LambdaForm$MH+0x000002090d760000'
Event: 2096.276 Thread 0x000002090bafaf90 Unloading class 0x000002090d788000 'java/lang/invoke/LambdaForm$MH+0x000002090d788000'
Event: 2096.276 Thread 0x000002090bafaf90 Unloading class 0x000002090d7d8800 'java/lang/invoke/LambdaForm$MH+0x000002090d7d8800'
Event: 2096.276 Thread 0x000002090bafaf90 Unloading class 0x000002090d824000 'java/lang/invoke/LambdaForm$MH+0x000002090d824000'
Event: 2096.276 Thread 0x000002090bafaf90 Unloading class 0x000002090d7fc000 'java/lang/invoke/LambdaForm$MH+0x000002090d7fc000'

Classes redefined (0 events):
No events

Internal exceptions (20 events):
Event: 9.756 Thread 0x0000020977d5a960 Exception <a 'java/lang/NoSuchMethodError'{0x00000007446b3c98}: 'java.lang.Object java.lang.invoke.DirectMethodHandle$Holder.invokeSpecial(java.lang.Object, java.lang.Object, int, java.lang.Object, int)'> (0x00000007446b3c98) 
thrown [s\open\src\hotspot\share\interpreter\linkResolver.cpp, line 773]
Event: 9.802 Thread 0x0000020977d5a960 Exception <a 'java/lang/NoSuchMethodError'{0x000000074475b6b8}: 'void java.lang.invoke.Invokers$Holder.invokeExact_MT(java.lang.Object, java.lang.Object, java.lang.Object, java.lang.Object)'> (0x000000074475b6b8) 
thrown [s\open\src\hotspot\share\interpreter\linkResolver.cpp, line 773]
Event: 9.940 Thread 0x0000020977d5a960 Exception <a 'java/lang/IncompatibleClassChangeError'{0x00000007442ed978}: Found class java.lang.Object, but interface was expected> (0x00000007442ed978) 
thrown [s\open\src\hotspot\share\interpreter\linkResolver.cpp, line 840]
Event: 9.959 Thread 0x0000020977d5a960 Exception <a 'java/lang/IncompatibleClassChangeError'{0x0000000744369870}: Found class java.lang.Object, but interface was expected> (0x0000000744369870) 
thrown [s\open\src\hotspot\share\interpreter\linkResolver.cpp, line 840]
Event: 10.067 Thread 0x0000020977d5a960 Exception <a 'java/lang/IncompatibleClassChangeError'{0x00000007440d0a80}: Found class java.lang.Object, but interface was expected> (0x00000007440d0a80) 
thrown [s\open\src\hotspot\share\interpreter\linkResolver.cpp, line 840]
Event: 10.308 Thread 0x0000020977d5a960 Exception <a 'java/lang/IncompatibleClassChangeError'{0x000000074dcc4620}: Found class java.lang.Object, but interface was expected> (0x000000074dcc4620) 
thrown [s\open\src\hotspot\share\interpreter\linkResolver.cpp, line 840]
Event: 10.544 Thread 0x0000020977d5a960 Exception <a 'java/lang/IncompatibleClassChangeError'{0x00000007442cddb8}: Found class java.lang.Object, but interface was expected> (0x00000007442cddb8) 
thrown [s\open\src\hotspot\share\interpreter\linkResolver.cpp, line 840]
Event: 10.689 Thread 0x0000020977d5a960 Exception <a 'java/lang/NoSuchMethodError'{0x0000000743ec2ac0}: 'java.lang.Object java.lang.invoke.DirectMethodHandle$Holder.newInvokeSpecial(java.lang.Object, java.lang.Object, java.lang.Object, java.lang.Object, java.lang.Object, java.lang.Object, java.lang.Object, java.lang.Object)'> (0x0000000743ec2ac0) 
thrown [s\open\src\hotspot\share\interpreter\linkResolver.cpp, line 773]
Event: 11.043 Thread 0x0000020977d5a960 Exception <a 'java/lang/IncompatibleClassChangeError'{0x000000074b2f23e8}: Found class java.lang.Object, but interface was expected> (0x000000074b2f23e8) 
thrown [s\open\src\hotspot\share\interpreter\linkResolver.cpp, line 840]
Event: 11.098 Thread 0x0000020977d5a960 Exception <a 'java/lang/NoSuchMethodError'{0x000000074b0a05b8}: 'void java.lang.invoke.DirectMethodHandle$Holder.invokeVirtual(java.lang.Object, java.lang.Object, long)'> (0x000000074b0a05b8) 
thrown [s\open\src\hotspot\share\interpreter\linkResolver.cpp, line 773]
Event: 11.315 Thread 0x0000020977d5a960 Exception <a 'java/lang/IncompatibleClassChangeError'{0x00000007455a1490}: Found class java.lang.Object, but interface was expected> (0x00000007455a1490) 
thrown [s\open\src\hotspot\share\interpreter\linkResolver.cpp, line 840]
Event: 11.432 Thread 0x0000020977d5a960 Exception <a 'java/lang/NoSuchMethodError'{0x0000000744e490c0}: 'java.lang.Object java.lang.invoke.DirectMethodHandle$Holder.newInvokeSpecial(java.lang.Object, java.lang.Object, int, java.lang.Object, java.lang.Object)'> (0x0000000744e490c0) 
thrown [s\open\src\hotspot\share\interpreter\linkResolver.cpp, line 773]
Event: 11.434 Thread 0x0000020977d5a960 Exception <a 'java/lang/NoSuchMethodError'{0x0000000744e53b90}: 'java.lang.Object java.lang.invoke.DirectMethodHandle$Holder.invokeSpecial(java.lang.Object, java.lang.Object, int, java.lang.Object, int, java.lang.Object)'> (0x0000000744e53b90) 
thrown [s\open\src\hotspot\share\interpreter\linkResolver.cpp, line 773]
Event: 11.434 Thread 0x0000020977d5a960 Exception <a 'java/lang/NoSuchMethodError'{0x0000000744e5acb0}: 'java.lang.Object java.lang.invoke.DirectMethodHandle$Holder.newInvokeSpecial(java.lang.Object, java.lang.Object, int, java.lang.Object, int)'> (0x0000000744e5acb0) 
thrown [s\open\src\hotspot\share\interpreter\linkResolver.cpp, line 773]
Event: 11.435 Thread 0x0000020977d5a960 Exception <a 'java/lang/NoSuchMethodError'{0x0000000744e5eb20}: 'java.lang.Object java.lang.invoke.DirectMethodHandle$Holder.invokeSpecial(java.lang.Object, java.lang.Object, java.lang.Object, int, java.lang.Object, int)'> (0x0000000744e5eb20) 
thrown [s\open\src\hotspot\share\interpreter\linkResolver.cpp, line 773]
Event: 81.028 Thread 0x0000020952ca4640 Exception <a 'java/lang/NoSuchMethodError'{0x000000074463f750}: 'java.lang.Object java.lang.invoke.DirectMethodHandle$Holder.invokeSpecial(java.lang.Object, java.lang.Object, java.lang.Object, java.lang.Object, java.lang.Object, long)'> (0x000000074463f750) 
thrown [s\open\src\hotspot\share\interpreter\linkResolver.cpp, line 773]
Event: 81.029 Thread 0x0000020952ca4640 Exception <a 'java/lang/NoSuchMethodError'{0x0000000744642f10}: 'java.lang.Object java.lang.invoke.Invokers$Holder.linkToTargetMethod(java.lang.Object, java.lang.Object, java.lang.Object, long, java.lang.Object)'> (0x0000000744642f10) 
thrown [s\open\src\hotspot\share\interpreter\linkResolver.cpp, line 773]
Event: 81.241 Thread 0x0000020952ca4640 Exception <a 'java/lang/NoSuchMethodError'{0x00000007443ee910}: 'java.lang.Object java.lang.invoke.DirectMethodHandle$Holder.invokeInterface(java.lang.Object, java.lang.Object, java.lang.Object, java.lang.Object)'> (0x00000007443ee910) 
thrown [s\open\src\hotspot\share\interpreter\linkResolver.cpp, line 773]
Event: 81.653 Thread 0x0000020952ca4640 Exception <a 'java/lang/IncompatibleClassChangeError'{0x0000000744a9ec10}: Found class java.lang.Object, but interface was expected> (0x0000000744a9ec10) 
thrown [s\open\src\hotspot\share\interpreter\linkResolver.cpp, line 840]
Event: 81.714 Thread 0x0000020952ca4640 Exception <a 'java/lang/NoSuchMethodError'{0x0000000744b90ea0}: 'void java.lang.invoke.DirectMethodHandle$Holder.invokeSpecialIFC(java.lang.Object, java.lang.Object, int, java.lang.Object, java.lang.Object, java.lang.Object, java.lang.Object)'> (0x0000000744b90ea0) 
thrown [s\open\src\hotspot\share\interpreter\linkResolver.cpp, line 773]

ZGC Phase Switch (0 events):
No events

VM Operations (20 events):
Event: 1924.870 Executing VM operation: G1CollectForAllocation (G1 Evacuation Pause) done
Event: 1986.337 Executing VM operation: G1TryInitiateConcMark (G1 Humongous Allocation)
Event: 1986.355 Executing VM operation: G1TryInitiateConcMark (G1 Humongous Allocation) done
Event: 1986.435 Executing VM operation: G1PauseRemark
Event: 1986.442 Executing VM operation: G1PauseRemark done
Event: 1986.486 Executing VM operation: G1PauseCleanup
Event: 1986.486 Executing VM operation: G1PauseCleanup done
Event: 2096.081 Executing VM operation: G1CollectForAllocation (G1 Evacuation Pause)
Event: 2096.094 Executing VM operation: G1CollectForAllocation (G1 Evacuation Pause) done
Event: 2096.127 Executing VM operation: G1CollectForAllocation (G1 Evacuation Pause)
Event: 2096.139 Executing VM operation: G1CollectForAllocation (G1 Evacuation Pause) done
Event: 2096.168 Executing VM operation: G1CollectForAllocation (G1 Evacuation Pause)
Event: 2096.176 Executing VM operation: G1CollectForAllocation (G1 Evacuation Pause) done
Event: 2096.208 Executing VM operation: G1CollectForAllocation (G1 Evacuation Pause)
Event: 2096.216 Executing VM operation: G1CollectForAllocation (G1 Evacuation Pause) done
Event: 2096.247 Executing VM operation: G1CollectForAllocation (G1 Evacuation Pause)
Event: 2096.256 Executing VM operation: G1CollectForAllocation (G1 Evacuation Pause) done
Event: 2096.275 Executing VM operation: G1PauseRemark
Event: 2096.282 Executing VM operation: G1PauseRemark done
Event: 2096.300 Executing VM operation: G1CollectForAllocation (G1 Evacuation Pause)

Events (20 events):
Event: 1106.350 Thread 0x0000020951b34a80 Thread exited: 0x0000020951b34a80
Event: 1106.350 Thread 0x00000209527081e0 Thread exited: 0x00000209527081e0
Event: 1765.061 Thread 0x00000209534d2380 Thread added: 0x00000209534d2380
Event: 1765.061 Thread 0x00000209534d30a0 Thread added: 0x00000209534d30a0
Event: 1780.875 Thread 0x00000209534d2380 Thread exited: 0x00000209534d2380
Event: 1780.982 Thread 0x00000209534d30a0 Thread exited: 0x00000209534d30a0
Event: 1783.067 Thread 0x00000209534d7240 Thread added: 0x00000209534d7240
Event: 1783.067 Thread 0x00000209534d4450 Thread added: 0x00000209534d4450
Event: 1788.071 Thread 0x00000209534d7240 Thread exited: 0x00000209534d7240
Event: 1788.148 Thread 0x00000209534d4450 Thread exited: 0x00000209534d4450
Event: 1792.848 Thread 0x00000209534d7240 Thread added: 0x00000209534d7240
Event: 1792.848 Thread 0x00000209534d7f60 Thread added: 0x00000209534d7f60
Event: 1792.913 Thread 0x00000209527081e0 Thread added: 0x00000209527081e0
Event: 1800.609 Thread 0x00000209534d7240 Thread exited: 0x00000209534d7240
Event: 1800.672 Thread 0x00000209527081e0 Thread exited: 0x00000209527081e0
Event: 1800.688 Thread 0x00000209534d7f60 Thread exited: 0x00000209534d7f60
Event: 1802.152 Thread 0x00000209534d85f0 Thread added: 0x00000209534d85f0
Event: 1802.152 Thread 0x00000209534d1cf0 Thread added: 0x00000209534d1cf0
Event: 1809.556 Thread 0x00000209534d85f0 Thread exited: 0x00000209534d85f0
Event: 1809.618 Thread 0x00000209534d1cf0 Thread exited: 0x00000209534d1cf0


Dynamic libraries:
0x00007ff63a590000 - 0x00007ff63a5a0000 	C:\Program Files\Java\jdk-21\bin\java.exe
0x00007ffb9bfd0000 - 0x00007ffb9c1e7000 	C:\WINDOWS\SYSTEM32\ntdll.dll
0x00007ffb9afa0000 - 0x00007ffb9b064000 	C:\WINDOWS\System32\KERNEL32.DLL
0x00007ffb99310000 - 0x00007ffb996b6000 	C:\WINDOWS\System32\KERNELBASE.dll
0x00007ffb99c00000 - 0x00007ffb99d11000 	C:\WINDOWS\System32\ucrtbase.dll
0x00007ffb86d60000 - 0x00007ffb86d7b000 	C:\Program Files\Java\jdk-21\bin\VCRUNTIME140.dll
0x00007ffb865f0000 - 0x00007ffb86609000 	C:\Program Files\Java\jdk-21\bin\jli.dll
0x00007ffb99d60000 - 0x00007ffb99e13000 	C:\WINDOWS\System32\ADVAPI32.dll
0x00007ffb9bad0000 - 0x00007ffb9bb77000 	C:\WINDOWS\System32\msvcrt.dll
0x00007ffb9b080000 - 0x00007ffb9b128000 	C:\WINDOWS\System32\sechost.dll
0x00007ffb99880000 - 0x00007ffb998a8000 	C:\WINDOWS\System32\bcrypt.dll
0x00007ffb99e30000 - 0x00007ffb99f47000 	C:\WINDOWS\System32\RPCRT4.dll
0x00007ffb9a500000 - 0x00007ffb9a6ae000 	C:\WINDOWS\System32\USER32.dll
0x00007ffb845e0000 - 0x00007ffb84873000 	C:\WINDOWS\WinSxS\amd64_microsoft.windows.common-controls_6595b64144ccf1df_6.0.22621.2506_none_270c5ae97388e100\COMCTL32.dll
0x00007ffb996c0000 - 0x00007ffb996e6000 	C:\WINDOWS\System32\win32u.dll
0x00007ffb99f50000 - 0x00007ffb99f79000 	C:\WINDOWS\System32\GDI32.dll
0x00007ffb996f0000 - 0x00007ffb99808000 	C:\WINDOWS\System32\gdi32full.dll
0x00007ffb99ae0000 - 0x00007ffb99b7a000 	C:\WINDOWS\System32\msvcp_win.dll
0x00007ffb92890000 - 0x00007ffb9289a000 	C:\WINDOWS\SYSTEM32\VERSION.dll
0x00007ffb99d20000 - 0x00007ffb99d51000 	C:\WINDOWS\System32\IMM32.DLL
0x00007ffb8b7a0000 - 0x00007ffb8b7ac000 	C:\Program Files\Java\jdk-21\bin\vcruntime140_1.dll
0x00007ffb705b0000 - 0x00007ffb7063e000 	C:\Program Files\Java\jdk-21\bin\msvcp140.dll
0x00007ffadc940000 - 0x00007ffadd657000 	C:\Program Files\Java\jdk-21\bin\server\jvm.dll
0x00007ffb9b2f0000 - 0x00007ffb9b361000 	C:\WINDOWS\System32\WS2_32.dll
0x00007ffb981a0000 - 0x00007ffb981ed000 	C:\WINDOWS\SYSTEM32\POWRPROF.dll
0x00007ffb91cc0000 - 0x00007ffb91cf4000 	C:\WINDOWS\SYSTEM32\WINMM.dll
0x00007ffb98180000 - 0x00007ffb98193000 	C:\WINDOWS\SYSTEM32\UMPDC.dll
0x00007ffb98440000 - 0x00007ffb98458000 	C:\WINDOWS\SYSTEM32\kernel.appcore.dll
0x00007ffb86bb0000 - 0x00007ffb86bba000 	C:\Program Files\Java\jdk-21\bin\jimage.dll
0x00007ffb96e10000 - 0x00007ffb97043000 	C:\WINDOWS\SYSTEM32\DBGHELP.DLL
0x00007ffb99f80000 - 0x00007ffb9a309000 	C:\WINDOWS\System32\combase.dll
0x00007ffb9b540000 - 0x00007ffb9b617000 	C:\WINDOWS\System32\OLEAUT32.dll
0x00007ffb90f40000 - 0x00007ffb90f72000 	C:\WINDOWS\SYSTEM32\dbgcore.DLL
0x00007ffb99b80000 - 0x00007ffb99bfa000 	C:\WINDOWS\System32\bcryptPrimitives.dll
0x00007ffb918b0000 - 0x00007ffb918bf000 	C:\Program Files\Java\jdk-21\bin\instrument.dll
0x00007ffb7ef40000 - 0x00007ffb7ef5f000 	C:\Program Files\Java\jdk-21\bin\java.dll
0x00007ffb9a6b0000 - 0x00007ffb9af0b000 	C:\WINDOWS\System32\SHELL32.dll
0x00007ffb97270000 - 0x00007ffb97b66000 	C:\WINDOWS\SYSTEM32\windows.storage.dll
0x00007ffb97130000 - 0x00007ffb9726e000 	C:\WINDOWS\SYSTEM32\wintypes.dll
0x00007ffb9a400000 - 0x00007ffb9a4f3000 	C:\WINDOWS\System32\SHCORE.dll
0x00007ffb9a3a0000 - 0x00007ffb9a3fe000 	C:\WINDOWS\System32\shlwapi.dll
0x00007ffb99240000 - 0x00007ffb99266000 	C:\WINDOWS\SYSTEM32\profapi.dll
0x00007ffb7ddc0000 - 0x00007ffb7ddd8000 	C:\Program Files\Java\jdk-21\bin\zip.dll
0x00007ffb7ee20000 - 0x00007ffb7ee30000 	C:\Program Files\Java\jdk-21\bin\net.dll
0x00007ffb91ef0000 - 0x00007ffb92027000 	C:\WINDOWS\SYSTEM32\WINHTTP.dll
0x00007ffb988c0000 - 0x00007ffb98929000 	C:\WINDOWS\system32\mswsock.dll
0x00007ffb7e390000 - 0x00007ffb7e3a6000 	C:\Program Files\Java\jdk-21\bin\nio.dll
0x00007ffb714f0000 - 0x00007ffb7150a000 	D:\Download\intellij\IntelliJ IDEA 2023.3.3\bin\breakgen64.dll
0x00007ffb7e380000 - 0x00007ffb7e389000 	C:\Program Files\Java\jdk-21\bin\extnet.dll
0x00007ffb97eb0000 - 0x00007ffb97fa9000 	C:\WINDOWS\SYSTEM32\DNSAPI.dll
0x00007ffb97e80000 - 0x00007ffb97ead000 	C:\WINDOWS\SYSTEM32\IPHLPAPI.DLL
0x00007ffb9af90000 - 0x00007ffb9af99000 	C:\WINDOWS\System32\NSI.dll
0x00007ffb8f4f0000 - 0x00007ffb8f4fa000 	C:\Windows\System32\rasadhlp.dll
0x00007ffb90bf0000 - 0x00007ffb90c73000 	C:\WINDOWS\System32\fwpuclnt.dll
0x00007ffb705a0000 - 0x00007ffb705aa000 	C:\Program Files\Java\jdk-21\bin\management.dll
0x00007ffb70490000 - 0x00007ffb7049b000 	C:\Program Files\Java\jdk-21\bin\management_ext.dll
0x00007ffb9b070000 - 0x00007ffb9b078000 	C:\WINDOWS\System32\PSAPI.DLL
0x00007ffb98b20000 - 0x00007ffb98b3b000 	C:\WINDOWS\SYSTEM32\CRYPTSP.dll
0x00007ffb983a0000 - 0x00007ffb983d5000 	C:\WINDOWS\system32\rsaenh.dll
0x00007ffb989b0000 - 0x00007ffb989dc000 	C:\WINDOWS\SYSTEM32\USERENV.dll
0x00007ffb98b10000 - 0x00007ffb98b1c000 	C:\WINDOWS\SYSTEM32\CRYPTBASE.dll
0x00007ffb57590000 - 0x00007ffb575a7000 	C:\WINDOWS\system32\napinsp.dll
0x00007ffb498b0000 - 0x00007ffb498cb000 	C:\WINDOWS\system32\pnrpnsp.dll
0x00007ffb458e0000 - 0x00007ffb458f1000 	C:\WINDOWS\System32\winrnr.dll
0x00007ffb91520000 - 0x00007ffb91535000 	C:\WINDOWS\system32\wshbth.dll
0x00007ffb8b9f0000 - 0x00007ffb8ba11000 	C:\WINDOWS\system32\nlansp_c.dll
0x00007ffb8e0f0000 - 0x00007ffb8e0fe000 	C:\Program Files\Java\jdk-21\bin\sunmscapi.dll
0x00007ffb99970000 - 0x00007ffb99ad6000 	C:\WINDOWS\System32\CRYPT32.dll
0x00007ffb98cd0000 - 0x00007ffb98cfe000 	C:\WINDOWS\SYSTEM32\ncrypt.dll
0x00007ffb98c90000 - 0x00007ffb98cc7000 	C:\WINDOWS\SYSTEM32\NTASN1.dll
0x00007ffb7ce30000 - 0x00007ffb7ce40000 	C:\Program Files\Java\jdk-21\bin\verify.dll
0x00007ffb91360000 - 0x00007ffb91368000 	C:\WINDOWS\system32\wshunix.dll

dbghelp: loaded successfully - version: 4.0.5 - missing functions: none
symbol engine: initialized successfully - sym options: 0x614 - pdb path: .;C:\Program Files\Java\jdk-21\bin;C:\WINDOWS\SYSTEM32;C:\WINDOWS\WinSxS\amd64_microsoft.windows.common-controls_6595b64144ccf1df_6.0.22621.2506_none_270c5ae97388e100;C:\Program Files\Java\jdk-21\bin\server;D:\Download\intellij\IntelliJ IDEA 2023.3.3\bin

VM Arguments:
jvm_args: -XX:TieredStopAtLevel=1 -Dspring.output.ansi.enabled=always -Dcom.sun.management.jmxremote -Dspring.jmx.enabled=true -Dspring.liveBeansView.mbeanDomain -Dspring.application.admin.enabled=true -Dmanagement.endpoints.jmx.exposure.include=* -javaagent:D:\Download\intellij\IntelliJ IDEA 2023.3.3\lib\idea_rt.jar=64047:D:\Download\intellij\IntelliJ IDEA 2023.3.3\bin -Dfile.encoding=UTF-8 -Dsun.stdout.encoding=UTF-8 -Dsun.stderr.encoding=UTF-8 
java_command: com.advpro.profiling.tutorial.TutorialApplication
java_class_path (initial): C:\Users\Asus\IdeaProjects\exercise-profiling\target\classes;C:\Users\Asus\.m2\repository\org\springframework\boot\spring-boot-starter-data-jpa\3.2.2\spring-boot-starter-data-jpa-3.2.2.jar;C:\Users\Asus\.m2\repository\org\springframework\boot\spring-boot-starter-aop\3.2.2\spring-boot-starter-aop-3.2.2.jar;C:\Users\Asus\.m2\repository\org\springframework\spring-aop\6.1.3\spring-aop-6.1.3.jar;C:\Users\Asus\.m2\repository\org\aspectj\aspectjweaver\1.9.21\aspectjweaver-1.9.21.jar;C:\Users\Asus\.m2\repository\org\springframework\boot\spring-boot-starter-jdbc\3.2.2\spring-boot-starter-jdbc-3.2.2.jar;C:\Users\Asus\.m2\repository\com\zaxxer\HikariCP\5.0.1\HikariCP-5.0.1.jar;C:\Users\Asus\.m2\repository\org\springframework\spring-jdbc\6.1.3\spring-jdbc-6.1.3.jar;C:\Users\Asus\.m2\repository\org\hibernate\orm\hibernate-core\6.4.1.Final\hibernate-core-6.4.1.Final.jar;C:\Users\Asus\.m2\repository\jakarta\persistence\jakarta.persistence-api\3.1.0\jakarta.persistence-api-3.1.0.jar;C:\Users\Asus\.m2\repository\jakarta\transaction\jakarta.transaction-api\2.0.1\jakarta.transaction-api-2.0.1.jar;C:\Users\Asus\.m2\repository\org\jboss\logging\jboss-logging\3.5.3.Final\jboss-logging-3.5.3.Final.jar;C:\Users\Asus\.m2\repository\org\hibernate\common\hibernate-commons-annotations\6.0.6.Final\hibernate-commons-annotations-6.0.6.Final.jar;C:\Users\Asus\.m2\repository\io\smallrye\jandex\3.1.2\jandex-3.1.2.jar;C:\Users\Asus\.m2\repository\com\fasterxml\classmate\1.6.0\classmate-1.6.0.jar;C:\Users\Asus\.m2\repository\net\bytebuddy\byte-buddy\1.14.11\byte-buddy-1.14.11.jar;C:\Users\Asus\.m2\repository\org\glassfish\jaxb\jaxb-runtime\4.0.4\jaxb-runtime-4.0.4.jar;C:\Users\Asus\.m2\repository\org\glassfish\jaxb\jaxb-core\4.0.4\jaxb-core-4.0.4.jar;C:\Users\Asus\.m2\repository\org\eclipse\angus\angus-activation\2.0.1\angus-activation-2.0.1.jar;C:\Users\Asus\.m2\repository\org\glassfish\jaxb\txw2\4.0.4\txw2-4.0.4.jar;C:\Users\Asus\.m2\repository\com\sun\istack\istack-commons-runtime\4.1.2\istack-commons-runtime-4.1.2.jar;C:\Users\Asus\.m2\repository\jakarta\inject\jakarta.inject-api\2.0.1\jakarta.inject-api-2.0.1.jar;C:\Users\Asus\.m2\repository\org\antlr\antlr4-runtime\4.13.0\antlr4-runtime-4.13.0.jar;C:\Users\Asus\.m2\repository\org\springframework\data\spring-data-jpa\3.2.2\spring-data-jpa-3.2.2.jar;C:\Users\Asus\.m2\repository\org\springframework\data\spring-data-commons\3.2.2\spring-data-commons-3.2.2.jar;C:\Users\Asus\.m2\repository\org\springframework\spring-orm\6.1.3\spring-orm-6.1.3.jar;C:\Users\Asus\.m2\repository\org\springframework\spring-context\6.1.3\spring-context-6.1.3.jar;C:\Users\Asus\.m2\repository\org\springframework\spring-tx\6.1.3\spring-tx-6.1.3.jar;C:\Users\Asus\.m2\repository\org\springframework\spring-beans\6.1.3\spring-beans-6.1.3.jar;C:\Users\Asus\.m2\repository\jakarta\annotation\jakarta.annotation-api\2.1.1\jakarta.annotation-api-2.1.1.jar;C:\Users\Asus\.m2\repository\org\slf4j\slf4j-api\2.0.11\slf4j-api-2.0.11.jar;C:\Users\Asus\.m2\repository\org\springframework\spring-aspects\6.1.3\spring-aspects-6.1.3.jar;C:\Users\Asus\.m2\repository\org\springframework\boot\spring-boot-starter-thymeleaf\3.2.2\spring-boot-starter-thymeleaf-3.2.2.jar;C:\Users\Asus\.m2\repository\org\springframework\boot\spring-boot-starter\3.2.2\spring-boot-starter-3.2.2.jar;C:\Users\Asus\.m2\repository\org\springframework\boot\spring-boot\3.2.2\spring-boot-3.2.2.jar;C:\Users\Asus\.m2\repository\org\springframework\boot\spring-boot-autoconfigure\3.2.2\spring-boot-autoconfigure-3.2.2.jar;C:\Users\Asus\.m2\repository\org\springframework\boot\spring-boot-starter-logging\3.2.2\spring-boot-starter-logging-3.2.2.jar;C:\Users\Asus\.m2\repository\ch\qos\logback\logback-classic\1.4.14\logback-classic-1.4.14.jar;C:\Users\Asus\.m2\repository\ch\qos\logback\logback-core\1.4.14\logback-core-1.4.14.jar;C:\Users\Asus\.m2\repository\org\apache\logging\log4j\log4j-to-slf4j\2.21.1\log4j-to-slf4j-2.21.1.jar;C:\Users\Asus\.m2\repository\org\apache\logging\log4j\log4j-api\2.21.1\log4j-api-2.21.1.jar;C:\Users\Asus\.m2\repository\org\slf4j\jul-to-slf4j\2.0.11\jul-to-slf4j-2.0.11.jar;C:\Users\Asus\.m2\repository\org\yaml\snakeyaml\2.2\snakeyaml-2.2.jar;C:\Users\Asus\.m2\repository\org\thymeleaf\thymeleaf-spring6\3.1.2.RELEASE\thymeleaf-spring6-3.1.2.RELEASE.jar;C:\Users\Asus\.m2\repository\org\thymeleaf\thymeleaf\3.1.2.RELEASE\thymeleaf-3.1.2.RELEASE.jar;C:\Users\Asus\.m2\repository\org\attoparser\attoparser\2.0.7.RELEASE\attoparser-2.0.7.RELEASE.jar;C:\Users\Asus\.m2\repository\org\unbescape\unbescape\1.1.6.RELEASE\unbescape-1.1.6.RELEASE.jar;C:\Users\Asus\.m2\repository\org\springframework\boot\spring-boot-starter-web\3.2.2\spring-boot-starter-web-3.2.2.jar;C:\Users\Asus\.m2\repository\org\springframework\boot\spring-boot-starter-json\3.2.2\spring-boot-starter-json-3.2.2.jar;C:\Users\Asus\.m2\repository\com\fasterxml\jackson\core\jackson-databind\2.15.3\jackson-databind-2.15.3.jar;C:\Users\Asus\.m2\repository\com\fasterxml\jackson\core\jackson-annotations\2.15.3\jackson-annotations-2.15.3.jar;C:\Users\Asus\.m2\repository\com\fasterxml\jackson\core\jackson-core\2.15.3\jackson-core-2.15.3.jar;C:\Users\Asus\.m2\repository\com\fasterxml\jackson\datatype\jackson-datatype-jdk8\2.15.3\jackson-datatype-jdk8-2.15.3.jar;C:\Users\Asus\.m2\repository\com\fasterxml\jackson\datatype\jackson-datatype-jsr310\2.15.3\jackson-datatype-jsr310-2.15.3.jar;C:\Users\Asus\.m2\repository\com\fasterxml\jackson\module\jackson-module-parameter-names\2.15.3\jackson-module-parameter-names-2.15.3.jar;C:\Users\Asus\.m2\repository\org\springframework\boot\spring-boot-starter-tomcat\3.2.2\spring-boot-starter-tomcat-3.2.2.jar;C:\Users\Asus\.m2\repository\org\apache\tomcat\embed\tomcat-embed-core\10.1.18\tomcat-embed-core-10.1.18.jar;C:\Users\Asus\.m2\repository\org\apache\tomcat\embed\tomcat-embed-el\10.1.18\tomcat-embed-el-10.1.18.jar;C:\Users\Asus\.m2\repository\org\apache\tomcat\embed\tomcat-embed-websocket\10.1.18\tomcat-embed-websocket-10.1.18.jar;C:\Users\Asus\.m2\repository\org\springframework\spring-web\6.1.3\spring-web-6.1.3.jar;C:\Users\Asus\.m2\repository\io\micrometer\micrometer-observation\1.12.2\micrometer-observation-1.12.2.jar;C:\Users\Asus\.m2\repository\io\micrometer\micrometer-commons\1.12.2\micrometer-commons-1.12.2.jar;C:\Users\Asus\.m2\repository\org\springframework\spring-webmvc\6.1.3\spring-webmvc-6.1.3.jar;C:\Users\Asus\.m2\repository\org\springframework\spring-expression\6.1.3\spring-expression-6.1.3.jar;C:\Users\Asus\.m2\repository\org\postgresql\postgresql\42.6.0\postgresql-42.6.0.jar;C:\Users\Asus\.m2\repository\org\checkerframework\checker-qual\3.31.0\checker-qual-3.31.0.jar;C:\Users\Asus\.m2\repository\jakarta\xml\bind\jakarta.xml.bind-api\4.0.1\jakarta.xml.bind-api-4.0.1.jar;C:\Users\Asus\.m2\repository\jakarta\activation\jakarta.activation-api\2.1.2\jakarta.activation-api-2.1.2.jar;C:\Users\Asus\.m2\repository\org\springframework\spring-core\6.1.3\spring-core-6.1.3.jar;C:\Users\Asus\.m2\repository\org\springframework\spring-jcl\6.1.3\spring-jcl-6.1.3.jar;C:\Users\Asus\.m2\repository\com\github\javafaker\javafaker\1.0.2\javafaker-1.0.2.jar;C:\Users\Asus\.m2\repository\org\apache\commons\commons-lang3\3.13.0\commons-lang3-3.13.0.jar;C:\Users\Asus\.m2\repository\org\yaml\snakeyaml\1.23\snakeyaml-1.23-android.jar;C:\Users\Asus\.m2\repository\com\github\mifmif\generex\1.0.2\generex-1.0.2.jar;C:\Users\Asus\.m2\repository\dk\brics\automaton\automaton\1.11-8\automaton-1.11-8.jar
Launcher Type: SUN_STANDARD

[Global flags]
     intx CICompilerCount                          = 4                                         {product} {ergonomic}
     uint ConcGCThreads                            = 2                                         {product} {ergonomic}
     uint G1ConcRefinementThreads                  = 8                                         {product} {ergonomic}
   size_t G1HeapRegionSize                         = 2097152                                   {product} {ergonomic}
    uintx GCDrainStackTargetSize                   = 64                                        {product} {ergonomic}
   size_t InitialHeapSize                          = 201326592                                 {product} {ergonomic}
     bool ManagementServer                         = true                                      {product} {command line}
   size_t MarkStackSize                            = 4194304                                   {product} {ergonomic}
   size_t MaxHeapSize                              = 3189768192                                {product} {ergonomic}
   size_t MaxNewSize                               = 1912602624                                {product} {ergonomic}
   size_t MinHeapDeltaBytes                        = 2097152                                   {product} {ergonomic}
   size_t MinHeapSize                              = 8388608                                   {product} {ergonomic}
    uintx NonNMethodCodeHeapSize                   = 4096                                   {pd product} {ergonomic}
    uintx NonProfiledCodeHeapSize                  = 0                                      {pd product} {ergonomic}
     bool ProfileInterpreter                       = false                                  {pd product} {command line}
    uintx ProfiledCodeHeapSize                     = 0                                      {pd product} {ergonomic}
   size_t SoftMaxHeapSize                          = 3189768192                             {manageable} {ergonomic}
     intx TieredStopAtLevel                        = 1                                         {product} {command line}
     bool UseCompressedOops                        = true                           {product lp64_product} {ergonomic}
     bool UseG1GC                                  = true                                      {product} {ergonomic}
     bool UseLargePagesIndividualAllocation        = false                                  {pd product} {ergonomic}

Logging:
Log output configuration:
 #0: stdout all=warning uptime,level,tags foldmultilines=false
 #1: stderr all=off uptime,level,tags foldmultilines=false

Environment Variables:
PATH=C:\Python312\Scripts\;C:\Python312\;C:\Users\Asus\Downloads\Scripts\;C:\Users\Asus\Downloads\;C:\Program Files\Common Files\Oracle\Java\javapath;C:\WINDOWS\system32;C:\WINDOWS;C:\WINDOWS\System32\Wbem;C:\WINDOWS\System32\WindowsPowerShell\v1.0\;C:\WINDOWS\System32\OpenSSH\;C:\Program Files\Git\cmd;C:\Program Files\Git\bin;C:\Program Files\PuTTY\;C:\ProgramData\chocolatey\bin;C:\Program Files\nodejs\;C:\Program Files (x86)\Windows Kits\10\Windows Performance Toolkit\;C:\Program Files\PowerShell\7\;C:\Program Files\Java\jdk-21\bin;C:\Users\Asus\AppData\Local\Microsoft\WindowsApps;C:\Users\Asus\Downloads\Microsoft VS Code\bin;C:\Program Files\nodejs;C:\Users\Asus\Downloads\flutter_windows_3.13.9-stable\flutter\bin;C:\Program Files\Java\jdk-20\bin;
USERNAME=Asus
OS=Windows_NT
PROCESSOR_IDENTIFIER=Intel64 Family 6 Model 142 Stepping 10, GenuineIntel
TMP=C:\Users\Asus\AppData\Local\Temp
TEMP=C:\Users\Asus\AppData\Local\Temp




Periodic native trim disabled

---------------  S Y S T E M  ---------------

OS:
 Windows 11 , 64 bit Build 22621 (10.0.22621.3085)
OS uptime: 15 days 21:23 hours

CPU: total 8 (initial active 8) (4 cores per cpu, 2 threads per core) family 6 model 142 stepping 10 microcode 0xe0, cx8, cmov, fxsr, ht, mmx, 3dnowpref, sse, sse2, sse3, ssse3, sse4.1, sse4.2, popcnt, lzcnt, tsc, tscinvbit, avx, avx2, aes, erms, clmul, bmi1, bmi2, adx, fma, vzeroupper, clflush, clflushopt, rdtscp, f16c
Processor Information for all 8 processors :
  Max Mhz: 1800, Current Mhz: 1600, Mhz Limit: 1584

Memory: 4k page, system-wide physical 12166M (1301M free)
TotalPageFile size 23497M (AvailPageFile size 285M)
current process WorkingSet (physical memory assigned to process): 464M, peak: 572M
current process commit charge ("private bytes"): 510M, peak: 1040M

vm_info: Java HotSpot(TM) 64-Bit Server VM (21.0.2+13-LTS-58) for windows-amd64 JRE (21.0.2+13-LTS-58), built on 2024-01-05T18:32:24Z by "mach5one" with MS VC++ 17.1 (VS2022)

END.
